2020-10-27 21:24:53.048 INFO [Thread-50]o.s.b.w.s.c.AnnotationConfigServletWebServerApplicationContext.doClose:993 -Closing org.springframework.boot.web.servlet.context.AnnotationConfigServletWebServerApplicationContext@338738db: startup date [Mon Oct 26 19:28:32 CST 2020]; root of context hierarchy
2020-10-27 21:24:53.060 INFO [Thread-50]o.s.context.support.DefaultLifecycleProcessor.stop:366 -Stopping beans in phase 2147483647
2020-10-27 21:24:53.744 INFO [Thread-50]o.s.jmx.export.annotation.AnnotationMBeanExporter.destroy:451 -Unregistering JMX-exposed beans on shutdown
2020-10-27 21:24:53.745 INFO [Thread-50]o.s.jmx.export.annotation.AnnotationMBeanExporter.unregisterBeans:183 -Unregistering JMX-exposed beans
2020-10-27 21:26:09.674 INFO [restartedMain]com.wucc.demo.DemoApplication.logStarting:50 -Starting DemoApplication on DESKTOP-QS6P9HL with PID 11172 (E:\Users\wucc\springboot\springboot02\target\classes started by wucc in e:\Users\wucc\springboot)
2020-10-27 21:26:09.676 INFO [restartedMain]com.wucc.demo.DemoApplication.logStartupProfileInfo:663 -The following profiles are active: dev
2020-10-27 21:26:09.774 INFO [restartedMain]o.s.b.w.s.c.AnnotationConfigServletWebServerApplicationContext.prepareRefresh:590 -Refreshing org.springframework.boot.web.servlet.context.AnnotationConfigServletWebServerApplicationContext@5237597a: startup date [Tue Oct 27 21:26:09 CST 2020]; root of context hierarchy
2020-10-27 21:26:11.378 INFO [restartedMain]o.s.d.repository.config.RepositoryConfigurationDelegate.multipleStoresDetected:163 -Multiple Spring Data modules found, entering strict repository configuration mode!
2020-10-27 21:26:11.450 INFO [restartedMain]o.s.d.repository.config.RepositoryConfigurationDelegate.multipleStoresDetected:163 -Multiple Spring Data modules found, entering strict repository configuration mode!
2020-10-27 21:26:11.472 INFO [restartedMain]o.s.d.r.config.RepositoryConfigurationExtensionSupport.isStrictRepositoryCandidate:297 -Spring Data Redis - Could not safely identify store assignment for repository candidate interface com.wucc.demo.repository.ArticleRepository.
2020-10-27 21:26:12.230 INFO [restartedMain]o.s.c.s.PostProcessorRegistrationDelegate$BeanPostProcessorChecker.postProcessAfterInitialization:328 -Bean 'org.springframework.transaction.annotation.ProxyTransactionManagementConfiguration' of type [org.springframework.transaction.annotation.ProxyTransactionManagementConfiguration$$EnhancerBySpringCGLIB$$32d5673b] is not eligible for getting processed by all BeanPostProcessors (for example: not eligible for auto-proxying)
2020-10-27 21:26:12.916 INFO [restartedMain]o.s.boot.web.embedded.tomcat.TomcatWebServer.initialize:91 -Tomcat initialized with port(s): 8081 (http)
2020-10-27 21:26:12.947 INFO [restartedMain]org.apache.coyote.http11.Http11NioProtocol.log:180 -Initializing ProtocolHandler ["http-nio-8081"]
2020-10-27 21:26:12.972 INFO [restartedMain]org.apache.catalina.core.StandardService.log:180 -Starting service [Tomcat]
2020-10-27 21:26:12.972 INFO [restartedMain]org.apache.catalina.core.StandardEngine.log:180 -Starting Servlet Engine: Apache Tomcat/8.5.29
2020-10-27 21:26:12.980 INFO [localhost-startStop-1]org.apache.catalina.core.AprLifecycleListener.log:180 -The APR based Apache Tomcat Native library which allows optimal performance in production environments was not found on the java.library.path: [C:\Program Files\Java\jdk1.8.0_144\bin;C:\Windows\Sun\Java\bin;C:\Windows\system32;C:\Windows;D:\Program Files (x86)\NetSarang\Xmanager 6\;D:\xftp\;D:\Program Files (x86)\NetSarang\Xshell 6\;F:\app\wucc\product\11.2.0\dbhome_1\bin;D:\python3.7\Scripts\;D:\python3.7\;C:\Program Files (x86)\Common Files\Intel\Shared Libraries\redist\intel64\compiler;C:\Windows\system32;C:\Windows;C:\Windows\System32\Wbem;C:\Windows\System32\WindowsPowerShell\v1.0\;D:\Go\bin;C:\Program Files (x86)\MySQL\MySQL Server 5.5\bin;D:\Program Files\Java\jdk1.8.0_101\bin;D:\Program Files\Java\jdk1.8.0_101\jre\bin;C:\Program Files\Common Files\Autodesk Shared\;C:\Program Files (x86)\Autodesk\Backburner\;C:\path;D:\tnsnames;D:\Program Files\Microsoft SQL Server\110\DTS\Binn\;D:\Program Files (x86)\Microsoft SQL Server\110\Tools\Binn\;D:\Program Files\Microsoft SQL Server\110\Tools\Binn\;D:\Program Files (x86)\Microsoft SQL Server\110\Tools\Binn\ManagementStudio\;C:\Program Files (x86)\Microsoft Visual Studio 10.0\Common7\IDE\PrivateAssemblies\;D:\Program Files (x86)\Microsoft SQL Server\110\DTS\Binn\;D:\Program Files\PuTTY\;D:\Program Files\nodejs\;D:\Git\cmd;D:\apache-maven-3.3.9-bin\apache-maven-3.3.9\bin;D:\apache-maven-3.3.9-bin\apache-maven-3.3.9\bin;D:\Program Files\Redis\;C:\Users\wucc\AppData\Local\Microsoft\WindowsApps;D:\Program Files\ssh;C:\Users\wucc\AppData\Roaming\npm;d:\Program Files\JetBrains\IntelliJ IDEA 2020.2\bin;;d:\Users\wucc\AppData\Local\Programs\Microsoft VS Code\bin;d:\Program Files\JetBrains\WebStorm 2019.2.4\bin;;d:\Program Files\JetBrains\DataGrip 2019.2.6\bin;;d:\Program Files\JetBrains\CLion 2019.2.5\bin;;d:\Program Files\JetBrains\PyCharm 2019.2.4\bin;;d:\Program Files\JetBrains\GoLand 2020.2.2\bin;;d:\Program Files\JetBrains\PhpStorm 2019.2.4\bin;;;.]
2020-10-27 21:26:13.302 INFO [localhost-startStop-1]o.a.catalina.core.ContainerBase.[Tomcat].[localhost].[/].log:180 -Initializing Spring embedded WebApplicationContext
2020-10-27 21:26:13.302 INFO [localhost-startStop-1]org.springframework.web.context.ContextLoader.prepareWebApplicationContext:285 -Root WebApplicationContext: initialization completed in 3528 ms
2020-10-27 21:26:13.767 INFO [localhost-startStop-1]o.s.boot.web.servlet.ServletRegistrationBean.addRegistration:185 -Servlet dispatcherServlet mapped to [/]
2020-10-27 21:26:13.769 INFO [localhost-startStop-1]o.s.boot.web.servlet.ServletRegistrationBean.addRegistration:185 -Servlet userServlet mapped to [/v1/api/test/customs]
2020-10-27 21:26:13.777 INFO [localhost-startStop-1]o.s.boot.web.servlet.FilterRegistrationBean.configure:244 -Mapping filter: 'characterEncodingFilter' to: [/*]
2020-10-27 21:26:13.777 INFO [localhost-startStop-1]o.s.boot.web.servlet.FilterRegistrationBean.configure:244 -Mapping filter: 'hiddenHttpMethodFilter' to: [/*]
2020-10-27 21:26:13.778 INFO [localhost-startStop-1]o.s.boot.web.servlet.FilterRegistrationBean.configure:244 -Mapping filter: 'httpPutFormContentFilter' to: [/*]
2020-10-27 21:26:13.778 INFO [localhost-startStop-1]o.s.boot.web.servlet.FilterRegistrationBean.configure:244 -Mapping filter: 'requestContextFilter' to: [/*]
2020-10-27 21:26:14.243 INFO [restartedMain]org.elasticsearch.plugins.PluginsService.logPluginInfo:176 -no modules loaded
2020-10-27 21:26:14.245 INFO [restartedMain]org.elasticsearch.plugins.PluginsService.logPluginInfo:179 -loaded plugin [org.elasticsearch.index.reindex.ReindexPlugin]
2020-10-27 21:26:14.246 INFO [restartedMain]org.elasticsearch.plugins.PluginsService.logPluginInfo:179 -loaded plugin [org.elasticsearch.join.ParentJoinPlugin]
2020-10-27 21:26:14.247 INFO [restartedMain]org.elasticsearch.plugins.PluginsService.logPluginInfo:179 -loaded plugin [org.elasticsearch.percolator.PercolatorPlugin]
2020-10-27 21:26:14.247 INFO [restartedMain]org.elasticsearch.plugins.PluginsService.logPluginInfo:179 -loaded plugin [org.elasticsearch.script.mustache.MustachePlugin]
2020-10-27 21:26:14.247 INFO [restartedMain]org.elasticsearch.plugins.PluginsService.logPluginInfo:179 -loaded plugin [org.elasticsearch.transport.Netty3Plugin]
2020-10-27 21:26:14.248 INFO [restartedMain]org.elasticsearch.plugins.PluginsService.logPluginInfo:179 -loaded plugin [org.elasticsearch.transport.Netty4Plugin]
2020-10-27 21:26:15.392 INFO [restartedMain]io.netty.util.internal.PlatformDependent.info:104 -Your platform does not provide complete low-level API for accessing direct buffers reliably. Unless explicitly requested, heap buffer will always be preferred to avoid potential system instability.
2020-10-27 21:26:15.649 INFO [restartedMain]o.s.data.elasticsearch.client.TransportClientFactoryBean.buildClient:98 -adding transport node : 127.0.0.1:9300
2020-10-27 21:26:26.356 INFO [restartedMain]o.s.web.servlet.handler.SimpleUrlHandlerMapping.registerHandler:373 -Mapped URL path [/**/favicon.ico] onto handler of type [class org.springframework.web.servlet.resource.ResourceHttpRequestHandler]
2020-10-27 21:26:27.206 INFO [restartedMain]o.s.w.s.m.method.annotation.RequestMappingHandlerAdapter.initControllerAdviceCache:574 -Looking for @ControllerAdvice: org.springframework.boot.web.servlet.context.AnnotationConfigServletWebServerApplicationContext@5237597a: startup date [Tue Oct 27 21:26:09 CST 2020]; root of context hierarchy
2020-10-27 21:26:27.320 INFO [restartedMain]o.s.w.s.m.method.annotation.RequestMappingHandlerMapping.register:547 -Mapped "{[/api/v1/article/save],methods=[GET]}" onto public java.lang.Object com.wucc.demo.controller.ArticleController.save(java.lang.Long,java.lang.String)
2020-10-27 21:26:27.321 INFO [restartedMain]o.s.w.s.m.method.annotation.RequestMappingHandlerMapping.register:547 -Mapped "{[/api/v1/article/search],methods=[GET]}" onto public java.lang.Object com.wucc.demo.controller.ArticleController.search(java.lang.String)
2020-10-27 21:26:27.322 INFO [restartedMain]o.s.w.s.m.method.annotation.RequestMappingHandlerMapping.register:547 -Mapped "{[/api/v1/test_ext]}" onto public java.lang.Object com.wucc.demo.controller.ExcptionController.index()
2020-10-27 21:26:27.323 INFO [restartedMain]o.s.w.s.m.method.annotation.RequestMappingHandlerMapping.register:547 -Mapped "{[/api/v1/myext]}" onto public java.lang.Object com.wucc.demo.controller.ExcptionController.myexc()
2020-10-27 21:26:27.323 INFO [restartedMain]o.s.w.s.m.method.annotation.RequestMappingHandlerMapping.register:547 -Mapped "{[/api/index]}" onto public java.lang.Object com.wucc.demo.controller.FileController.index()
2020-10-27 21:26:27.323 INFO [restartedMain]o.s.w.s.m.method.annotation.RequestMappingHandlerMapping.register:547 -Mapped "{[/upload]}" onto public com.wucc.demo.domain.JsonData com.wucc.demo.controller.FileController.upload(org.springframework.web.multipart.MultipartFile,javax.servlet.http.HttpServletRequest)
2020-10-27 21:26:27.324 INFO [restartedMain]o.s.w.s.m.method.annotation.RequestMappingHandlerMapping.register:547 -Mapped "{[/freemaker/hello],methods=[GET]}" onto public java.lang.String com.wucc.demo.controller.FreemakerController.index(org.springframework.ui.ModelMap)
2020-10-27 21:26:27.326 INFO [restartedMain]o.s.w.s.m.method.annotation.RequestMappingHandlerMapping.register:547 -Mapped "{[/v1/save_user]}" onto public java.lang.Object com.wucc.demo.controller.GetController.saveUser(com.wucc.demo.domain.User)
2020-10-27 21:26:27.327 INFO [restartedMain]o.s.w.s.m.method.annotation.RequestMappingHandlerMapping.register:547 -Mapped "{[/v1/page_user2],methods=[GET]}" onto public java.lang.Object com.wucc.demo.controller.GetController.pageUserV2(int,int)
2020-10-27 21:26:27.327 INFO [restartedMain]o.s.w.s.m.method.annotation.RequestMappingHandlerMapping.register:547 -Mapped "{[/v1/test_request],methods=[GET]}" onto public java.lang.Object com.wucc.demo.controller.GetController.testRequest(javax.servlet.http.HttpServletRequest)
2020-10-27 21:26:27.327 INFO [restartedMain]o.s.w.s.m.method.annotation.RequestMappingHandlerMapping.register:547 -Mapped "{[/v1/test_properties],methods=[GET]}" onto public java.lang.Object com.wucc.demo.controller.GetController.testPeroperties()
2020-10-27 21:26:27.327 INFO [restartedMain]o.s.w.s.m.method.annotation.RequestMappingHandlerMapping.register:547 -Mapped "{[/v1/page_user1],methods=[GET]}" onto public java.lang.Object com.wucc.demo.controller.GetController.pageUser(int,int)
2020-10-27 21:26:27.328 INFO [restartedMain]o.s.w.s.m.method.annotation.RequestMappingHandlerMapping.register:547 -Mapped "{[/v1/get_header],methods=[GET]}" onto public java.lang.Object com.wucc.demo.controller.GetController.getHeader(java.lang.String,java.lang.String)
2020-10-27 21:26:27.329 INFO [restartedMain]o.s.w.s.m.method.annotation.RequestMappingHandlerMapping.register:547 -Mapped "{[/api/v1/order],methods=[GET]}" onto public java.lang.Object com.wucc.demo.controller.OrderController.order(java.lang.String,java.lang.String) throws org.apache.rocketmq.client.exception.MQClientException,org.apache.rocketmq.remoting.exception.RemotingException,org.apache.rocketmq.client.exception.MQBrokerException,java.lang.InterruptedException,java.io.UnsupportedEncodingException
2020-10-27 21:26:27.329 INFO [restartedMain]o.s.w.s.m.method.annotation.RequestMappingHandlerMapping.register:547 -Mapped "{[/api/v1/order_test],methods=[GET]}" onto public java.lang.Object com.wucc.demo.controller.OrderController.order(java.lang.String)
2020-10-27 21:26:27.331 INFO [restartedMain]o.s.w.s.m.method.annotation.RequestMappingHandlerMapping.register:547 -Mapped "{[/api_active/v1/order],methods=[GET]}" onto public java.lang.Object com.wucc.demo.controller.OrderController_activemq.order(java.lang.String)
2020-10-27 21:26:27.331 INFO [restartedMain]o.s.w.s.m.method.annotation.RequestMappingHandlerMapping.register:547 -Mapped "{[/api_active/v1/topic],methods=[GET]}" onto public java.lang.Object com.wucc.demo.controller.OrderController_activemq.topic(java.lang.String)
2020-10-27 21:26:27.332 INFO [restartedMain]o.s.w.s.m.method.annotation.RequestMappingHandlerMapping.register:547 -Mapped "{[/api_active/v1/common],methods=[GET]}" onto public java.lang.Object com.wucc.demo.controller.OrderController_activemq.common(java.lang.String)
2020-10-27 21:26:27.335 INFO [restartedMain]o.s.w.s.m.method.annotation.RequestMappingHandlerMapping.register:547 -Mapped "{[/v1/put],methods=[PUT]}" onto public java.lang.Object com.wucc.demo.controller.OtherHttpController.put(java.lang.String)
2020-10-27 21:26:27.336 INFO [restartedMain]o.s.w.s.m.method.annotation.RequestMappingHandlerMapping.register:547 -Mapped "{[/v1/del],methods=[DELETE]}" onto public java.lang.Object com.wucc.demo.controller.OtherHttpController.del(java.lang.String)
2020-10-27 21:26:27.336 INFO [restartedMain]o.s.w.s.m.method.annotation.RequestMappingHandlerMapping.register:547 -Mapped "{[/v1/login],methods=[POST]}" onto public java.lang.Object com.wucc.demo.controller.OtherHttpController.login(java.lang.String,java.lang.String)
2020-10-27 21:26:27.340 INFO [restartedMain]o.s.w.s.m.method.annotation.RequestMappingHandlerMapping.register:547 -Mapped "{[/api/v1/redis/add],methods=[GET]}" onto public java.lang.Object com.wucc.demo.controller.RdisTestController.add()
2020-10-27 21:26:27.341 INFO [restartedMain]o.s.w.s.m.method.annotation.RequestMappingHandlerMapping.register:547 -Mapped "{[/api/v1/redis/get],methods=[GET]}" onto public java.lang.Object com.wucc.demo.controller.RdisTestController.get()
2020-10-27 21:26:27.341 INFO [restartedMain]o.s.w.s.m.method.annotation.RequestMappingHandlerMapping.register:547 -Mapped "{[/api/v1/redis/save_user],methods=[GET]}" onto public java.lang.Object com.wucc.demo.controller.RdisTestController.saveUser()
2020-10-27 21:26:27.342 INFO [restartedMain]o.s.w.s.m.method.annotation.RequestMappingHandlerMapping.register:547 -Mapped "{[/api/v1/redis/find_user],methods=[GET]}" onto public java.lang.Object com.wucc.demo.controller.RdisTestController.findUser()
2020-10-27 21:26:27.343 INFO [restartedMain]o.s.w.s.m.method.annotation.RequestMappingHandlerMapping.register:547 -Mapped "{[/test/home]}" onto public java.lang.String com.wucc.demo.controller.SampleController.home()
2020-10-27 21:26:27.344 INFO [restartedMain]o.s.w.s.m.method.annotation.RequestMappingHandlerMapping.register:547 -Mapped "{[/test]}" onto public java.util.Map<java.lang.String, java.lang.String> com.wucc.demo.controller.SampleController.testMap()
2020-10-27 21:26:27.345 INFO [restartedMain]o.s.w.s.m.method.annotation.RequestMappingHandlerMapping.register:547 -Mapped "{[/testjson],methods=[GET]}" onto public java.lang.Object com.wucc.demo.controller.SampleController.testjson()
2020-10-27 21:26:27.347 INFO [restartedMain]o.s.w.s.m.method.annotation.RequestMappingHandlerMapping.register:547 -Mapped "{[/user],methods=[DELETE]}" onto public java.util.Map<java.lang.String, java.lang.String> com.wucc.demo.controller.TestController.testMap03(java.lang.String)
2020-10-27 21:26:27.347 INFO [restartedMain]o.s.w.s.m.method.annotation.RequestMappingHandlerMapping.register:547 -Mapped "{[/user],methods=[PUT]}" onto public java.util.Map<java.lang.String, java.lang.String> com.wucc.demo.controller.TestController.testMap04(java.lang.String)
2020-10-27 21:26:27.348 INFO [restartedMain]o.s.w.s.m.method.annotation.RequestMappingHandlerMapping.register:547 -Mapped "{[/{method_mapping}/{method_id}],methods=[GET]}" onto public java.util.Map<java.lang.String, java.lang.String> com.wucc.demo.controller.TestController.testMap(java.lang.String,java.lang.String)
2020-10-27 21:26:27.348 INFO [restartedMain]o.s.w.s.m.method.annotation.RequestMappingHandlerMapping.register:547 -Mapped "{[/requestHeader],methods=[GET]}" onto public java.util.Map<java.lang.String, java.lang.String> com.wucc.demo.controller.TestController.testMap02(java.lang.String)
2020-10-27 21:26:27.349 INFO [restartedMain]o.s.w.s.m.method.annotation.RequestMappingHandlerMapping.register:547 -Mapped "{[/tyhmeleaf/hello],methods=[GET]}" onto public java.lang.String com.wucc.demo.controller.ThymeleafController.index()
2020-10-27 21:26:27.350 INFO [restartedMain]o.s.w.s.m.method.annotation.RequestMappingHandlerMapping.register:547 -Mapped "{[/tyhmeleaf/info],methods=[GET]}" onto public java.lang.String com.wucc.demo.controller.ThymeleafController.admin(org.springframework.ui.ModelMap)
2020-10-27 21:26:27.352 INFO [restartedMain]o.s.w.s.m.method.annotation.RequestMappingHandlerMapping.register:547 -Mapped "{[/api/v1/user/add],methods=[GET]}" onto public java.lang.Object com.wucc.demo.controller.UserController.add()
2020-10-27 21:26:27.353 INFO [restartedMain]o.s.w.s.m.method.annotation.RequestMappingHandlerMapping.register:547 -Mapped "{[/api/v1/user/update],methods=[GET]}" onto public java.lang.Object com.wucc.demo.controller.UserController.update(java.lang.String,int)
2020-10-27 21:26:27.353 INFO [restartedMain]o.s.w.s.m.method.annotation.RequestMappingHandlerMapping.register:547 -Mapped "{[/api/v1/user/find_by_id],methods=[GET]}" onto public java.lang.Object com.wucc.demo.controller.UserController.findById(long)
2020-10-27 21:26:27.354 INFO [restartedMain]o.s.w.s.m.method.annotation.RequestMappingHandlerMapping.register:547 -Mapped "{[/api/v1/user/findAll],methods=[GET]}" onto public java.lang.Object com.wucc.demo.controller.UserController.findAll()
2020-10-27 21:26:27.354 INFO [restartedMain]o.s.w.s.m.method.annotation.RequestMappingHandlerMapping.register:547 -Mapped "{[/api/v1/user/log],methods=[GET]}" onto public java.lang.Object com.wucc.demo.controller.UserController.testLog()
2020-10-27 21:26:27.354 INFO [restartedMain]o.s.w.s.m.method.annotation.RequestMappingHandlerMapping.register:547 -Mapped "{[/api/v1/user/del_by_id],methods=[GET]}" onto public java.lang.Object com.wucc.demo.controller.UserController.delById(long)
2020-10-27 21:26:27.355 INFO [restartedMain]o.s.w.s.m.method.annotation.RequestMappingHandlerMapping.register:547 -Mapped "{[/api/v1/user/async_task],methods=[GET]}" onto public com.wucc.demo.domain.JsonData com.wucc.demo.controller.UserController.exeTask() throws java.lang.InterruptedException
2020-10-27 21:26:27.355 INFO [restartedMain]o.s.w.s.m.method.annotation.RequestMappingHandlerMapping.register:547 -Mapped "{[/api/v1/user/add_account],methods=[GET]}" onto public java.lang.Object com.wucc.demo.controller.UserController.addAccount()
2020-10-27 21:26:27.357 INFO [restartedMain]o.s.w.s.m.method.annotation.RequestMappingHandlerMapping.register:547 -Mapped "{[/error]}" onto public org.springframework.http.ResponseEntity<java.util.Map<java.lang.String, java.lang.Object>> org.springframework.boot.autoconfigure.web.servlet.error.BasicErrorController.error(javax.servlet.http.HttpServletRequest)
2020-10-27 21:26:27.358 INFO [restartedMain]o.s.w.s.m.method.annotation.RequestMappingHandlerMapping.register:547 -Mapped "{[/error],produces=[text/html]}" onto public org.springframework.web.servlet.ModelAndView org.springframework.boot.autoconfigure.web.servlet.error.BasicErrorController.errorHtml(javax.servlet.http.HttpServletRequest,javax.servlet.http.HttpServletResponse)
2020-10-27 21:26:27.447 INFO [restartedMain]o.s.web.servlet.handler.SimpleUrlHandlerMapping.registerHandler:373 -Mapped URL path [/webjars/**] onto handler of type [class org.springframework.web.servlet.resource.ResourceHttpRequestHandler]
2020-10-27 21:26:27.447 INFO [restartedMain]o.s.web.servlet.handler.SimpleUrlHandlerMapping.registerHandler:373 -Mapped URL path [/**] onto handler of type [class org.springframework.web.servlet.resource.ResourceHttpRequestHandler]
2020-10-27 21:26:27.479 INFO [restartedMain]o.s.w.s.m.m.annotation.ExceptionHandlerExceptionResolver.initExceptionHandlerAdviceCache:288 -Detected @ExceptionHandler methods in customExtHandler
2020-10-27 21:26:27.635 WARN [restartedMain]org.thymeleaf.templatemode.TemplateMode.parse:150 -[THYMELEAF][restartedMain] Template Mode 'HTML5' is deprecated. Using Template Mode 'HTML' instead.
2020-10-27 21:26:27.768 INFO [restartedMain]o.s.b.a.web.servlet.WelcomePageHandlerMapping.<init>:56 -Adding welcome page: class path resource [static/index.html]
2020-10-27 21:26:28.391 INFO [restartedMain]o.s.web.servlet.view.freemarker.FreeMarkerConfigurer.postProcessTemplateLoaders:131 -ClassTemplateLoader for Spring macros added to FreeMarker configuration
2020-10-27 21:26:28.789 INFO [restartedMain]o.s.boot.devtools.autoconfigure.OptionalLiveReloadServer.startServer:57 -LiveReload server is running on port 35729
2020-10-27 21:26:28.859 INFO [restartedMain]o.s.jmx.export.annotation.AnnotationMBeanExporter.afterSingletonsInstantiated:433 -Registering beans for JMX exposure on startup
2020-10-27 21:26:28.861 INFO [restartedMain]o.s.jmx.export.annotation.AnnotationMBeanExporter.autodetect:895 -Bean with name 'dataSource' has been autodetected for JMX exposure
2020-10-27 21:26:28.871 INFO [restartedMain]o.s.jmx.export.annotation.AnnotationMBeanExporter.registerBeanInstance:668 -Located MBean 'dataSource': registering with JMX server as MBean [com.alibaba.druid.pool:name=dataSource,type=DruidDataSource]
2020-10-27 21:26:28.878 INFO [restartedMain]o.s.context.support.DefaultLifecycleProcessor.start:351 -Starting beans in phase 2147483647
2020-10-27 21:26:29.891 INFO [restartedMain]org.apache.coyote.http11.Http11NioProtocol.log:180 -Starting ProtocolHandler ["http-nio-8081"]
2020-10-27 21:26:29.896 INFO [restartedMain]org.apache.tomcat.util.net.NioSelectorPool.log:180 -Using a shared selector for servlet write/read
2020-10-27 21:26:29.927 INFO [restartedMain]o.s.boot.web.embedded.tomcat.TomcatWebServer.start:206 -Tomcat started on port(s): 8081 (http) with context path ''
2020-10-27 21:26:29.933 INFO [restartedMain]com.wucc.demo.DemoApplication.logStarted:59 -Started DemoApplication in 21.121 seconds (JVM running for 22.714)
