2020-10-28 08:53:42.419 WARN [DefaultMessageListenerContainer-1]org.apache.activemq.jms.pool.PooledSession.close:121 -Caught exception trying rollback() when putting session back into the pool, will invalidate. javax.jms.IllegalStateException: The Session is closed
javax.jms.IllegalStateException: The Session is closed
	at org.apache.activemq.ActiveMQSession.checkClosed(ActiveMQSession.java:771)
	at org.apache.activemq.ActiveMQSession.rollback(ActiveMQSession.java:596)
	at org.apache.activemq.jms.pool.PooledSession.close(PooledSession.java:118)
	at org.springframework.jms.support.JmsUtils.closeSession(JmsUtils.java:109)
	at org.springframework.jms.listener.DefaultMessageListenerContainer$AsyncMessageListenerInvoker.clearResources(DefaultMessageListenerContainer.java:1241)
	at org.springframework.jms.listener.DefaultMessageListenerContainer$AsyncMessageListenerInvoker.run(DefaultMessageListenerContainer.java:1087)
	at java.lang.Thread.run(Thread.java:748)
2020-10-28 08:53:42.422 WARN [DefaultMessageListenerContainer-1]o.s.jms.listener.DefaultMessageListenerContainer.handleListenerSetupFailure:895 -Setup of JMS message listener invoker failed for destination 'common.queue' - trying to recover. Cause: The Consumer is closed
2020-10-28 08:53:42.519 WARN [DefaultMessageListenerContainer-1]o.s.jms.listener.DefaultMessageListenerContainer.handleListenerSetupFailure:895 -Setup of JMS message listener invoker failed for destination 'video.topic' - trying to recover. Cause: The Session is closed
2020-10-28 08:53:42.564 WARN [DefaultMessageListenerContainer-1]org.apache.activemq.jms.pool.PooledSession.close:121 -Caught exception trying rollback() when putting session back into the pool, will invalidate. javax.jms.IllegalStateException: The Session is closed
javax.jms.IllegalStateException: The Session is closed
	at org.apache.activemq.ActiveMQSession.checkClosed(ActiveMQSession.java:771)
	at org.apache.activemq.ActiveMQSession.rollback(ActiveMQSession.java:596)
	at org.apache.activemq.jms.pool.PooledSession.close(PooledSession.java:118)
	at org.springframework.jms.support.JmsUtils.closeSession(JmsUtils.java:109)
	at org.springframework.jms.listener.DefaultMessageListenerContainer$AsyncMessageListenerInvoker.clearResources(DefaultMessageListenerContainer.java:1241)
	at org.springframework.jms.listener.DefaultMessageListenerContainer$AsyncMessageListenerInvoker.run(DefaultMessageListenerContainer.java:1087)
	at java.lang.Thread.run(Thread.java:748)
2020-10-28 08:53:42.565 WARN [DefaultMessageListenerContainer-1]o.s.jms.listener.DefaultMessageListenerContainer.handleListenerSetupFailure:895 -Setup of JMS message listener invoker failed for destination 'order.queue' - trying to recover. Cause: The Session is closed
2020-10-28 08:53:42.565 INFO [ActiveMQ Connection Executor: tcp:///47.97.215.99:61616@9942]org.apache.activemq.jms.pool.PooledConnectionFactory.onException:115 -Expiring connection ActiveMQConnection {id=ID:DESKTOP-QS6P9HL-9935-1603805188935-1:4,clientId=ID:DESKTOP-QS6P9HL-9935-1603805188935-0:4,started=false} on IOException: Software caused connection abort: recv failed
2020-10-28 08:53:42.565 WARN [DefaultMessageListenerContainer-1]o.s.jms.listener.DefaultMessageListenerContainer.handleListenerSetupFailure:895 -Setup of JMS message listener invoker failed for destination 'video.topic' - trying to recover. Cause: The Session is closed
2020-10-28 08:53:42.565 INFO [ActiveMQ Connection Executor: tcp:///47.97.215.99:61616@9944]org.apache.activemq.jms.pool.PooledConnectionFactory.onException:115 -Expiring connection ActiveMQConnection {id=ID:DESKTOP-QS6P9HL-9935-1603805188935-1:6,clientId=ID:DESKTOP-QS6P9HL-9935-1603805188935-0:6,started=false} on IOException: Software caused connection abort: recv failed
2020-10-28 08:53:42.583 WARN [DefaultMessageListenerContainer-1]o.s.jms.listener.DefaultMessageListenerContainer.handleListenerSetupFailure:895 -Setup of JMS message listener invoker failed for destination 'video.topic' - trying to recover. Cause: The Session is closed
2020-10-28 08:53:42.596 INFO [ActiveMQ Connection Executor: tcp:///47.97.215.99:61616@9937]org.apache.activemq.jms.pool.PooledConnectionFactory.onException:115 -Expiring connection ActiveMQConnection {id=ID:DESKTOP-QS6P9HL-9935-1603805188935-1:1,clientId=ID:DESKTOP-QS6P9HL-9935-1603805188935-0:1,started=false} on IOException: Software caused connection abort: recv failed
2020-10-28 08:53:42.598 INFO [ActiveMQ Connection Executor: tcp:///47.97.215.99:61616@9941]org.apache.activemq.jms.pool.PooledConnectionFactory.onException:115 -Expiring connection ActiveMQConnection {id=ID:DESKTOP-QS6P9HL-9935-1603805188935-1:3,clientId=ID:DESKTOP-QS6P9HL-9935-1603805188935-0:3,started=false} on IOException: Unrecognized Windows Sockets error: 0: recv failed
2020-10-28 08:53:42.599 INFO [ActiveMQ Connection Executor: tcp:///47.97.215.99:61616@9943]org.apache.activemq.jms.pool.PooledConnectionFactory.onException:115 -Expiring connection ActiveMQConnection {id=ID:DESKTOP-QS6P9HL-9935-1603805188935-1:5,clientId=ID:DESKTOP-QS6P9HL-9935-1603805188935-0:5,started=false} on IOException: Software caused connection abort: recv failed
2020-10-28 08:53:42.600 INFO [ActiveMQ Connection Executor: tcp:///47.97.215.99:61616@9940]org.apache.activemq.jms.pool.PooledConnectionFactory.onException:115 -Expiring connection ActiveMQConnection {id=ID:DESKTOP-QS6P9HL-9935-1603805188935-1:2,clientId=ID:DESKTOP-QS6P9HL-9935-1603805188935-0:2,started=false} on IOException: Unrecognized Windows Sockets error: 0: recv failed
2020-10-28 08:53:42.599 WARN [DefaultMessageListenerContainer-1]org.apache.activemq.jms.pool.PooledSession.close:121 -Caught exception trying rollback() when putting session back into the pool, will invalidate. javax.jms.IllegalStateException: The Session is closed
javax.jms.IllegalStateException: The Session is closed
	at org.apache.activemq.ActiveMQSession.checkClosed(ActiveMQSession.java:771)
	at org.apache.activemq.ActiveMQSession.rollback(ActiveMQSession.java:596)
	at org.apache.activemq.jms.pool.PooledSession.close(PooledSession.java:118)
	at org.springframework.jms.support.JmsUtils.closeSession(JmsUtils.java:109)
	at org.springframework.jms.listener.DefaultMessageListenerContainer$AsyncMessageListenerInvoker.clearResources(DefaultMessageListenerContainer.java:1241)
	at org.springframework.jms.listener.DefaultMessageListenerContainer$AsyncMessageListenerInvoker.run(DefaultMessageListenerContainer.java:1087)
	at java.lang.Thread.run(Thread.java:748)
2020-10-28 08:53:42.600 WARN [DefaultMessageListenerContainer-1]o.s.jms.listener.DefaultMessageListenerContainer.handleListenerSetupFailure:895 -Setup of JMS message listener invoker failed for destination 'common.queue' - trying to recover. Cause: The Session is closed
2020-10-28 08:53:42.742 INFO [DefaultMessageListenerContainer-1]o.s.jms.listener.DefaultMessageListenerContainer.refreshConnectionUntilSuccessful:946 -Successfully refreshed JMS Connection
2020-10-28 08:53:42.802 INFO [DefaultMessageListenerContainer-1]o.s.jms.listener.DefaultMessageListenerContainer.refreshConnectionUntilSuccessful:946 -Successfully refreshed JMS Connection
2020-10-28 08:53:42.847 INFO [DefaultMessageListenerContainer-1]o.s.jms.listener.DefaultMessageListenerContainer.refreshConnectionUntilSuccessful:946 -Successfully refreshed JMS Connection
2020-10-28 08:53:42.891 INFO [DefaultMessageListenerContainer-1]o.s.jms.listener.DefaultMessageListenerContainer.refreshConnectionUntilSuccessful:946 -Successfully refreshed JMS Connection
2020-10-28 08:53:42.924 INFO [DefaultMessageListenerContainer-1]o.s.jms.listener.DefaultMessageListenerContainer.refreshConnectionUntilSuccessful:946 -Successfully refreshed JMS Connection
2020-10-28 08:53:42.960 INFO [DefaultMessageListenerContainer-1]o.s.jms.listener.DefaultMessageListenerContainer.refreshConnectionUntilSuccessful:946 -Successfully refreshed JMS Connection
2020-10-28 18:34:30.096 INFO [http-nio-8081-exec-1]o.a.catalina.core.ContainerBase.[Tomcat].[localhost].[/].log:180 -Initializing Spring FrameworkServlet 'dispatcherServlet'
2020-10-28 18:34:30.097 INFO [http-nio-8081-exec-1]org.springframework.web.servlet.DispatcherServlet.initServletBean:494 -FrameworkServlet 'dispatcherServlet': initialization started
2020-10-28 18:34:30.142 INFO [http-nio-8081-exec-1]org.springframework.web.servlet.DispatcherServlet.initServletBean:509 -FrameworkServlet 'dispatcherServlet': initialization completed in 45 ms
